<?xml version="1.0" encoding="UTF-8"?>
<testng-results skipped="0" failed="0" ignored="0" total="1" passed="1">
  <reporter-output>
  </reporter-output>
  <suite name="Default suite" duration-ms="65088" started-at="2018-07-17T14:19:55Z" finished-at="2018-07-17T14:21:00Z">
    <groups>
    </groups>
    <test name="Default test" duration-ms="65088" started-at="2018-07-17T14:19:55Z" finished-at="2018-07-17T14:21:00Z">
      <class name="jonsnow.Android_mobile">
        <test-method status="PASS" signature="main()[pri:0, instance:jonsnow.Android_mobile@1786dec2]" name="main" duration-ms="65061" started-at="2018-07-17T14:19:55Z" finished-at="2018-07-17T14:21:00Z">
          <reporter-output>
          </reporter-output>
        </test-method> <!-- main -->
      </class> <!-- jonsnow.Android_mobile -->
    </test> <!-- Default test -->
  </suite> <!-- Default suite -->
</testng-results>
