<?xml version="1.0" encoding="UTF-8"?>
<testng-results skipped="0" failed="0" ignored="0" total="1" passed="1">
  <reporter-output>
  </reporter-output>
  <suite name="Default suite" duration-ms="127198" started-at="2018-07-11T13:21:15Z" finished-at="2018-07-11T13:23:22Z">
    <groups>
    </groups>
    <test name="Default test" duration-ms="127198" started-at="2018-07-11T13:21:15Z" finished-at="2018-07-11T13:23:22Z">
      <class name="jonsnow.Bulkmail_import">
        <test-method status="PASS" signature="setup()[pri:0, instance:jonsnow.Bulkmail_import@167fdd33]" name="setup" is-config="true" duration-ms="34284" started-at="2018-07-11T13:21:15Z" finished-at="2018-07-11T13:21:49Z">
          <reporter-output>
          </reporter-output>
        </test-method> <!-- setup -->
        <test-method status="PASS" signature="bulk_upload()[pri:0, instance:jonsnow.Bulkmail_import@167fdd33]" name="bulk_upload" duration-ms="89149" started-at="2018-07-11T13:21:49Z" finished-at="2018-07-11T13:23:18Z">
          <reporter-output>
          </reporter-output>
        </test-method> <!-- bulk_upload -->
        <test-method status="PASS" signature="close()[pri:0, instance:jonsnow.Bulkmail_import@167fdd33]" name="close" is-config="true" duration-ms="3736" started-at="2018-07-11T13:23:18Z" finished-at="2018-07-11T13:23:22Z">
          <reporter-output>
          </reporter-output>
        </test-method> <!-- close -->
      </class> <!-- jonsnow.Bulkmail_import -->
    </test> <!-- Default test -->
  </suite> <!-- Default suite -->
</testng-results>
